<?xml version="1.0" encoding="UTF-8"?>
<!-- Generated by org.testng.reporters.JUnitReportReporter -->
<testsuite hostname="b120952-lt2" failures="0" tests="1" name="demo.test.VibloPageTestcases" time="3.069" errors="0" timestamp="2023-05-24T09:12:35 ICT" skipped="0">
  <testcase classname="demo.test.VibloPageTestcases" name="inputEmailValue" time="3.069"/>
  <system-out/>
</testsuite> <!-- demo.test.VibloPageTestcases -->
