<?xml version="1.0" encoding="UTF-8"?>
<!-- Generated by org.testng.reporters.JUnitReportReporter -->
<testsuite hostname="b120952-lt2" failures="0" tests="1" name="usingAnnotation.testcases.LoginGitHubTestCase" time="7.400" errors="0" timestamp="2023-05-24T09:14:02 ICT" skipped="0">
  <testcase classname="usingAnnotation.testcases.LoginGitHubTestCase" name="allowSetDataForEmailAndPasswordField" time="7.400"/>
  <system-out/>
</testsuite> <!-- usingAnnotation.testcases.LoginGitHubTestCase -->
